Build started 2016/03/21 20:48:28.
     1>Project "C:\Users\HU FANGYUAN\Documents\Visual Studio 2013\Projects\FluidSolver_v1.0\PassiveScalarProblemDll\PassiveScalarProblemDll.vcxproj" on node 3 (Build target(s)).
     1>ClCompile:
         C:\Program Files (x86)\Microsoft Visual Studio 12.0\VC\bin\x86_amd64\CL.exe /c /Isrc /I..\..\extern\eigen /I..\common /Zi /nologo /W3 /WX- /sdl /MP /O2 /Oi /GL /D WIN32 /D NDEBUG /D _WINDOWS /D _USRDLL /D PASSIVESCALARPROBLEMDLL_EXPORTS /D _WINDLL /D _UNICODE /D UNICODE /Gm- /EHsc /MD /GS /Gy /fp:precise /Zc:wchar_t /Zc:forScope /openmp /Yu"stdafx.h" /Fp"x64\Release\PassiveScalarProblemDll.pch" /Fo"x64\Release\\" /Fd"x64\Release\vc120.pdb" /Gd /TP /errorReport:prompt PassiveScalarProblemDll.cpp
         PassiveScalarProblemDll.cpp
     1>c:\users\hu fangyuan\documents\visual studio 2013\projects\fluidsolver_v1.0\passivescalarproblemdll\src\Particle_x.h(882): error C2039: 'Gen' : is not a member of 'mMath::Derivative_A<R,2,2>'
                 with
                 [
                     R=Parameters::DataType
                 ]
                 c:\users\hu fangyuan\documents\visual studio 2013\projects\fluidsolver_v1.0\passivescalarproblemdll\src\Particle_x.h(874) : while compiling class template member function 'void SIM::Particle_x<R,2,2>::init_x<2>(void)'
                 with
                 [
                     R=Parameters::DataType
                 ]
                 c:\users\hu fangyuan\documents\visual studio 2013\projects\fluidsolver_v1.0\passivescalarproblemdll\src\Particle_x.h(911) : see reference to function template instantiation 'void SIM::Particle_x<R,2,2>::init_x<2>(void)' being compiled
                 with
                 [
                     R=Parameters::DataType
                 ]
                 PassiveScalarProblemDll.cpp(26) : see reference to class template instantiation 'SIM::Particle_x<R,2,2>' being compiled
                 with
                 [
                     R=Parameters::DataType
                 ]
     1>c:\users\hu fangyuan\documents\visual studio 2013\projects\fluidsolver_v1.0\passivescalarproblemdll\src\Particle_x.h(882): error C2065: 'Gen' : undeclared identifier
     1>c:\users\hu fangyuan\documents\visual studio 2013\projects\fluidsolver_v1.0\passivescalarproblemdll\src\Particle_x.h(883): error C2039: 'Gen' : is not a member of 'mMath::Derivative_A<R,2,2>'
                 with
                 [
                     R=Parameters::DataType
                 ]
     1>c:\users\hu fangyuan\documents\visual studio 2013\projects\fluidsolver_v1.0\passivescalarproblemdll\src\Particle_x.h(883): error C2065: 'Gen' : undeclared identifier
     1>c:\users\hu fangyuan\documents\visual studio 2013\projects\fluidsolver_v1.0\passivescalarproblemdll\src\Particle_x.h(883): error C2446: '>' : no conversion from 'double *' to 'int'
                 There is no context in which this conversion is possible
     1>c:\users\hu fangyuan\documents\visual studio 2013\projects\fluidsolver_v1.0\passivescalarproblemdll\src\Particle_x.h(883): error C2040: '>' : 'int' differs in levels of indirection from 'double *'
     1>c:\users\hu fangyuan\documents\visual studio 2013\projects\fluidsolver_v1.0\passivescalarproblemdll\src\Particle_x.h(884): error C2039: 'Gen' : is not a member of 'mMath::Derivative_A<R,2,2>'
                 with
                 [
                     R=Parameters::DataType
                 ]
     1>c:\users\hu fangyuan\documents\visual studio 2013\projects\fluidsolver_v1.0\passivescalarproblemdll\src\Particle_x.h(884): error C2065: 'Gen' : undeclared identifier
     1>c:\users\hu fangyuan\documents\visual studio 2013\projects\fluidsolver_v1.0\passivescalarproblemdll\src\Particle_x.h(885): error C2039: 'Gen' : is not a member of 'mMath::Derivative_A<R,2,2>'
                 with
                 [
                     R=Parameters::DataType
                 ]
     1>c:\users\hu fangyuan\documents\visual studio 2013\projects\fluidsolver_v1.0\passivescalarproblemdll\src\Particle_x.h(885): error C2065: 'Gen' : undeclared identifier
     1>c:\users\hu fangyuan\documents\visual studio 2013\projects\fluidsolver_v1.0\passivescalarproblemdll\src\Particle_x.h(885): error C2446: '>' : no conversion from 'double *' to 'int'
                 There is no context in which this conversion is possible
     1>c:\users\hu fangyuan\documents\visual studio 2013\projects\fluidsolver_v1.0\passivescalarproblemdll\src\Particle_x.h(885): error C2040: '>' : 'int' differs in levels of indirection from 'double *'
     1>c:\users\hu fangyuan\documents\visual studio 2013\projects\fluidsolver_v1.0\passivescalarproblemdll\src\Particle_x.h(886): error C2039: 'Gen' : is not a member of 'mMath::Derivative_A<R,2,2>'
                 with
                 [
                     R=Parameters::DataType
                 ]
     1>c:\users\hu fangyuan\documents\visual studio 2013\projects\fluidsolver_v1.0\passivescalarproblemdll\src\Particle_x.h(886): error C2065: 'Gen' : undeclared identifier
     1>c:\users\hu fangyuan\documents\visual studio 2013\projects\fluidsolver_v1.0\passivescalarproblemdll\src\Particle_x.h(886): error C2446: '>' : no conversion from 'double *' to 'int'
                 There is no context in which this conversion is possible
     1>c:\users\hu fangyuan\documents\visual studio 2013\projects\fluidsolver_v1.0\passivescalarproblemdll\src\Particle_x.h(886): error C2040: '>' : 'int' differs in levels of indirection from 'double *'
     1>Done Building Project "C:\Users\HU FANGYUAN\Documents\Visual Studio 2013\Projects\FluidSolver_v1.0\PassiveScalarProblemDll\PassiveScalarProblemDll.vcxproj" (Build target(s)) -- FAILED.

Build FAILED.

Time Elapsed 00:00:01.73
