Build started 2/16/2016 10:53:42 AM.
     1>Project "C:\Users\KOZUKI\Documents\Visual Studio 2013\Projects\FluidSolver_v1.0\ThermalFlowProblemDll\ThermalFlowProblemDll.vcxproj" on node 3 (Build target(s)).
     1>ClCompile:
         C:\Program Files (x86)\Microsoft Visual Studio 12.0\VC\bin\x86_amd64\CL.exe /c /I"C:\Users\KOZUKI\Documents\Visual Studio 2013\Projects\FluidSolver_v1.0\common" /Zi /nologo /W3 /WX- /sdl /O2 /Oi /GL /D WIN32 /D NDEBUG /D _WINDOWS /D _USRDLL /D THERMALFLOWPROBLEMDLL_EXPORTS /D _WINDLL /D _UNICODE /D UNICODE /Gm- /EHsc /MD /GS /Gy /fp:precise /Zc:wchar_t /Zc:forScope /Yc"stdafx.h" /Fp"x64\Release\ThermalFlowProblemDll.pch" /Fo"x64\Release\\" /Fd"x64\Release\vc120.pdb" /Gd /TP /errorReport:prompt stdafx.cpp
         stdafx.cpp
         C:\Program Files (x86)\Microsoft Visual Studio 12.0\VC\bin\x86_amd64\CL.exe /c /I"C:\Users\KOZUKI\Documents\Visual Studio 2013\Projects\FluidSolver_v1.0\common" /Zi /nologo /W3 /WX- /sdl /O2 /Oi /GL /D WIN32 /D NDEBUG /D _WINDOWS /D _USRDLL /D THERMALFLOWPROBLEMDLL_EXPORTS /D _WINDLL /D _UNICODE /D UNICODE /Gm- /EHsc /MD /GS /Gy /fp:precise /Zc:wchar_t /Zc:forScope /Fo"x64\Release\\" /Fd"x64\Release\vc120.pdb" /Gd /TP /errorReport:prompt dllmain.cpp
         dllmain.cpp
         C:\Program Files (x86)\Microsoft Visual Studio 12.0\VC\bin\x86_amd64\CL.exe /c /I"C:\Users\KOZUKI\Documents\Visual Studio 2013\Projects\FluidSolver_v1.0\common" /Zi /nologo /W3 /WX- /sdl /O2 /Oi /GL /D WIN32 /D NDEBUG /D _WINDOWS /D _USRDLL /D THERMALFLOWPROBLEMDLL_EXPORTS /D _WINDLL /D _UNICODE /D UNICODE /Gm- /EHsc /MD /GS /Gy /fp:precise /Zc:wchar_t /Zc:forScope /Yu"stdafx.h" /Fp"x64\Release\ThermalFlowProblemDll.pch" /Fo"x64\Release\\" /Fd"x64\Release\vc120.pdb" /Gd /TP /errorReport:prompt ThermalFlowProblemDll.cpp
         ThermalFlowProblemDll.cpp
     1>ThermalFlowProblemDll.cpp(6): fatal error C1083: Cannot open include file: 'FractionalStep_KM.h': No such file or directory
     1>Done Building Project "C:\Users\KOZUKI\Documents\Visual Studio 2013\Projects\FluidSolver_v1.0\ThermalFlowProblemDll\ThermalFlowProblemDll.vcxproj" (Build target(s)) -- FAILED.

Build FAILED.

Time Elapsed 00:00:01.69
